  globals.c
  interface.c
D:\Study\C_Lang_Project\src\interface.c(125,16): warning C4996: 'getch': The POSIX name for this item is deprecated. Instead, use the ISO C and C++ conformant name: _getch. See online help for details.
D:\Study\C_Lang_Project\src\interface.c(127,17): warning C4996: 'getch': The POSIX name for this item is deprecated. Instead, use the ISO C and C++ conformant name: _getch. See online help for details.
  main.c
D:\Study\C_Lang_Project\src\main.c(35,14): warning C4133: '함수': 'Queue *'과(와) 'int *' 사이의 형식이 호환되지 않습니다.
D:\Study\C_Lang_Project\src\main.c(35,31): warning C4133: '함수': 'Queue *'과(와) 'int *' 사이의 형식이 호환되지 않습니다.
D:\Study\C_Lang_Project\src\main.c(41,3): warning C4013: 'enqueueRandom'이(가) 정의되지 않았습니다. extern은 int형을 반환하는 것으로 간주합니다.
D:\Study\C_Lang_Project\src\main.c(85,4): warning C4013: 'all_process_subjective'이(가) 정의되지 않았습니다. extern은 int형을 반환하는 것으로 간주합니다.
D:\Study\C_Lang_Project\src\main.c(11,2): warning C4996: 'wcscpy': This function or variable may be unsafe. Consider using wcscpy_s instead. To disable deprecation, use _CRT_SECURE_NO_WARNINGS. See online help for details.
D:\Study\C_Lang_Project\src\main.c(14,3): warning C4996: 'wcscpy': This function or variable may be unsafe. Consider using wcscpy_s instead. To disable deprecation, use _CRT_SECURE_NO_WARNINGS. See online help for details.
D:\Study\C_Lang_Project\src\main.c(93,4): warning C4996: 'sprintf': This function or variable may be unsafe. Consider using sprintf_s instead. To disable deprecation, use _CRT_SECURE_NO_WARNINGS. See online help for details.
D:\Study\C_Lang_Project\src\main.c(96,60): warning C4244: '초기화 중': 'double'에서 'int'(으)로 변환하면서 데이터가 손실될 수 있습니다.
D:\Study\C_Lang_Project\src\main.c(97,4): warning C4996: 'sprintf': This function or variable may be unsafe. Consider using sprintf_s instead. To disable deprecation, use _CRT_SECURE_NO_WARNINGS. See online help for details.
D:\Study\C_Lang_Project\src\main.c(100,62): warning C4244: '초기화 중': 'double'에서 'int'(으)로 변환하면서 데이터가 손실될 수 있습니다.
D:\Study\C_Lang_Project\src\main.c(101,4): warning C4996: 'sprintf': This function or variable may be unsafe. Consider using sprintf_s instead. To disable deprecation, use _CRT_SECURE_NO_WARNINGS. See online help for details.
D:\Study\C_Lang_Project\src\main.c(114,4): warning C4996: 'sprintf': This function or variable may be unsafe. Consider using sprintf_s instead. To disable deprecation, use _CRT_SECURE_NO_WARNINGS. See online help for details.
D:\Study\C_Lang_Project\src\main.c(117,4): warning C4996: 'sprintf': This function or variable may be unsafe. Consider using sprintf_s instead. To disable deprecation, use _CRT_SECURE_NO_WARNINGS. See online help for details.
D:\Study\C_Lang_Project\src\main.c(120,4): warning C4996: 'sprintf': This function or variable may be unsafe. Consider using sprintf_s instead. To disable deprecation, use _CRT_SECURE_NO_WARNINGS. See online help for details.
  match.c
D:\Study\C_Lang_Project\src\match.c(48,31): warning C4047: '!=': 'int'의 간접 참조 수준이 'void *'과(와) 다릅니다.
D:\Study\C_Lang_Project\src\match.c(56,42): warning C4047: '!=': 'int'의 간접 참조 수준이 'void *'과(와) 다릅니다.
D:\Study\C_Lang_Project\src\match.c(68,31): warning C4047: '=': 'char'의 간접 참조 수준이 'void *'과(와) 다릅니다.
D:\Study\C_Lang_Project\src\match.c(72,105): warning C4047: '!=': 'int'의 간접 참조 수준이 'void *'과(와) 다릅니다.
D:\Study\C_Lang_Project\src\match.c(81,77): warning C4047: '!=': 'int'의 간접 참조 수준이 'void *'과(와) 다릅니다.
D:\Study\C_Lang_Project\src\match.c(84,58): warning C4047: '==': 'int'의 간접 참조 수준이 'void *'과(와) 다릅니다.
D:\Study\C_Lang_Project\src\match.c(90,58): warning C4047: '==': 'int'의 간접 참조 수준이 'void *'과(와) 다릅니다.
D:\Study\C_Lang_Project\src\match.c(27,2): warning C4996: 'strcpy': This function or variable may be unsafe. Consider using strcpy_s instead. To disable deprecation, use _CRT_SECURE_NO_WARNINGS. See online help for details.
D:\Study\C_Lang_Project\src\match.c(65,13): warning C4267: '초기화 중': 'size_t'에서 'int'(으)로 변환하면서 데이터가 손실될 수 있습니다.
D:\Study\C_Lang_Project\src\match.c(131,3): warning C4996: 'strcpy': This function or variable may be unsafe. Consider using strcpy_s instead. To disable deprecation, use _CRT_SECURE_NO_WARNINGS. See online help for details.
D:\Study\C_Lang_Project\src\match.c(180,17): warning C4996: 'getch': The POSIX name for this item is deprecated. Instead, use the ISO C and C++ conformant name: _getch. See online help for details.
  print.c
D:\Study\C_Lang_Project\src\print.c(4,1): warning C4005: 'MAX_QUESTIONS': 매크로 재정의
D:\Study\C_Lang_Project\src\questions.h(8,1): message : 'MAX_QUESTIONS'의 이전 정의를 참조하십시오.
D:\Study\C_Lang_Project\src\print.c(25,24): warning C4047: '=': 'char'의 간접 참조 수준이 'void *'과(와) 다릅니다.
D:\Study\C_Lang_Project\src\print.c(37,2): warning C4996: 'strncpy': This function or variable may be unsafe. Consider using strncpy_s instead. To disable deprecation, use _CRT_SECURE_NO_WARNINGS. See online help for details.
D:\Study\C_Lang_Project\src\print.c(38,2): warning C4996: 'strncpy': This function or variable may be unsafe. Consider using strncpy_s instead. To disable deprecation, use _CRT_SECURE_NO_WARNINGS. See online help for details.
D:\Study\C_Lang_Project\src\print.c(39,2): warning C4996: 'strncpy': This function or variable may be unsafe. Consider using strncpy_s instead. To disable deprecation, use _CRT_SECURE_NO_WARNINGS. See online help for details.
D:\Study\C_Lang_Project\src\print.c(40,2): warning C4996: 'strncpy': This function or variable may be unsafe. Consider using strncpy_s instead. To disable deprecation, use _CRT_SECURE_NO_WARNINGS. See online help for details.
D:\Study\C_Lang_Project\src\print.c(95,19): warning C4047: '=': 'char'의 간접 참조 수준이 'void *'과(와) 다릅니다.
D:\Study\C_Lang_Project\src\print.c(101,50): warning C4047: '!=': 'int'의 간접 참조 수준이 'void *'과(와) 다릅니다.
D:\Study\C_Lang_Project\src\print.c(107,28): warning C4047: '=': 'char'의 간접 참조 수준이 'void *'과(와) 다릅니다.
D:\Study\C_Lang_Project\src\print.c(116,19): warning C4047: '=': 'char'의 간접 참조 수준이 'void *'과(와) 다릅니다.
D:\Study\C_Lang_Project\src\print.c(69,30): warning C4047: '초기화 중': 'char'의 간접 참조 수준이 'void *'과(와) 다릅니다.
D:\Study\C_Lang_Project\src\print.c(71,21): warning C4047: '초기화 중': 'char'의 간접 참조 수준이 'void *'과(와) 다릅니다.
D:\Study\C_Lang_Project\src\print.c(72,21): warning C4047: '초기화 중': 'char'의 간접 참조 수준이 'void *'과(와) 다릅니다.
D:\Study\C_Lang_Project\src\print.c(74,2): warning C4996: 'strcpy': This function or variable may be unsafe. Consider using strcpy_s instead. To disable deprecation, use _CRT_SECURE_NO_WARNINGS. See online help for details.
D:\Study\C_Lang_Project\src\print.c(79,20): warning C4267: '초기화 중': 'size_t'에서 'int'(으)로 변환하면서 데이터가 손실될 수 있습니다.
D:\Study\C_Lang_Project\src\print.c(96,3): warning C4996: 'strncpy': This function or variable may be unsafe. Consider using strncpy_s instead. To disable deprecation, use _CRT_SECURE_NO_WARNINGS. See online help for details.
D:\Study\C_Lang_Project\src\print.c(108,3): warning C4996: 'strcpy': This function or variable may be unsafe. Consider using strcpy_s instead. To disable deprecation, use _CRT_SECURE_NO_WARNINGS. See online help for details.
D:\Study\C_Lang_Project\src\print.c(199,24): warning C4047: '함수': 'char *'의 간접 참조 수준이 'char (*)[1024]'과(와) 다릅니다.
D:\Study\C_Lang_Project\src\print.c(199,19): warning C4024: 'print_change_row': 형식 및 실제 매개 변수 1의 형식이 서로 다릅니다.
D:\Study\C_Lang_Project\src\print.c(185,31): warning C4047: '초기화 중': 'char'의 간접 참조 수준이 'void *'과(와) 다릅니다.
D:\Study\C_Lang_Project\src\print.c(196,3): warning C4996: 'strcpy': This function or variable may be unsafe. Consider using strcpy_s instead. To disable deprecation, use _CRT_SECURE_NO_WARNINGS. See online help for details.
D:\Study\C_Lang_Project\src\print.c(198,3): warning C4996: 'strcpy': This function or variable may be unsafe. Consider using strcpy_s instead. To disable deprecation, use _CRT_SECURE_NO_WARNINGS. See online help for details.
D:\Study\C_Lang_Project\src\print.c(300,8): warning C4013: 'check_my_answer'이(가) 정의되지 않았습니다. extern은 int형을 반환하는 것으로 간주합니다.
D:\Study\C_Lang_Project\src\print.c(272,17): warning C4996: 'getch': The POSIX name for this item is deprecated. Instead, use the ISO C and C++ conformant name: _getch. See online help for details.
D:\Study\C_Lang_Project\src\print.c(263,10): warning C4101: 'y1' :참조되지 않은 지역 변수입니다.
D:\Study\C_Lang_Project\src\print.c(264,6): warning C4101: 'key_in' :참조되지 않은 지역 변수입니다.
D:\Study\C_Lang_Project\src\print.c(263,6): warning C4101: 'x1' :참조되지 않은 지역 변수입니다.
D:\Study\C_Lang_Project\src\print.c(317,16): warning C4996: 'getch': The POSIX name for this item is deprecated. Instead, use the ISO C and C++ conformant name: _getch. See online help for details.
D:\Study\C_Lang_Project\src\print.c(328,15): warning C4244: '초기화 중': 'time_t'에서 'int'(으)로 변환하면서 데이터가 손실될 수 있습니다.
D:\Study\C_Lang_Project\src\print.c(355,17): warning C4996: 'getch': The POSIX name for this item is deprecated. Instead, use the ISO C and C++ conformant name: _getch. See online help for details.
  questions.c
D:\Study\C_Lang_Project\src\questions.c(17,16): warning C4473: 'sscanf': 서식 문자열에 대한 인수가 충분하게 전달되지 않았습니다.
D:\Study\C_Lang_Project\src\questions.c(17,16): message : 자리 표시자 및 해당 매개 변수에는 variadic 인수가 9개 필요하지만 8개가 제공되었습니다.
D:\Study\C_Lang_Project\src\questions.c(17,16): message : 누락된 variadic 인수 9이(가) 서식 문자열 '%[^\n]'에 필요합니다.
D:\Study\C_Lang_Project\src\questions.c(8,9): warning C4996: 'fopen': This function or variable may be unsafe. Consider using fopen_s instead. To disable deprecation, use _CRT_SECURE_NO_WARNINGS. See online help for details.
D:\Study\C_Lang_Project\src\questions.c(17,3): warning C4996: 'sscanf': This function or variable may be unsafe. Consider using sscanf_s instead. To disable deprecation, use _CRT_SECURE_NO_WARNINGS. See online help for details.
D:\Study\C_Lang_Project\src\questions.c(34,9): warning C4996: 'fopen': This function or variable may be unsafe. Consider using fopen_s instead. To disable deprecation, use _CRT_SECURE_NO_WARNINGS. See online help for details.
D:\Study\C_Lang_Project\src\questions.c(43,3): warning C4996: 'sscanf': This function or variable may be unsafe. Consider using sscanf_s instead. To disable deprecation, use _CRT_SECURE_NO_WARNINGS. See online help for details.
D:\Study\C_Lang_Project\src\questions.c(53,32): warning C4028: 정식 매개 변수 1이(가) 선언과 다릅니다.
D:\Study\C_Lang_Project\src\questions.c(53,63): warning C4028: 정식 매개 변수 2이(가) 선언과 다릅니다.
D:\Study\C_Lang_Project\src\questions.c(59,9): warning C4996: 'fopen': This function or variable may be unsafe. Consider using fopen_s instead. To disable deprecation, use _CRT_SECURE_NO_WARNINGS. See online help for details.
D:\Study\C_Lang_Project\src\questions.c(70,17): warning C4996: 'strtok': This function or variable may be unsafe. Consider using strtok_s instead. To disable deprecation, use _CRT_SECURE_NO_WARNINGS. See online help for details.
D:\Study\C_Lang_Project\src\questions.c(81,12): warning C4996: 'strtok': This function or variable may be unsafe. Consider using strtok_s instead. To disable deprecation, use _CRT_SECURE_NO_WARNINGS. See online help for details.
D:\Study\C_Lang_Project\src\questions.c(65,14): warning C4101: 'value2' :참조되지 않은 지역 변수입니다.
D:\Study\C_Lang_Project\src\questions.c(65,6): warning C4101: 'value1' :참조되지 않은 지역 변수입니다.
D:\Study\C_Lang_Project\src\questions.c(91,9): warning C4996: 'fopen': This function or variable may be unsafe. Consider using fopen_s instead. To disable deprecation, use _CRT_SECURE_NO_WARNINGS. See online help for details.
D:\Study\C_Lang_Project\src\questions.c(149,2): warning C4996: 'scanf': This function or variable may be unsafe. Consider using scanf_s instead. To disable deprecation, use _CRT_SECURE_NO_WARNINGS. See online help for details.
D:\Study\C_Lang_Project\src\questions.c(154,3): warning C4996: 'scanf': This function or variable may be unsafe. Consider using scanf_s instead. To disable deprecation, use _CRT_SECURE_NO_WARNINGS. See online help for details.
D:\Study\C_Lang_Project\src\questions.c(209,8): warning C4244: '함수': 'time_t'에서 'unsigned int'(으)로 변환하면서 데이터가 손실될 수 있습니다.
  queue.c
  utilities.c
D:\Study\C_Lang_Project\src\utilities.c(11,13): warning C4996: 'localtime': This function or variable may be unsafe. Consider using localtime_s instead. To disable deprecation, use _CRT_SECURE_NO_WARNINGS. See online help for details.
D:\Study\C_Lang_Project\src\utilities.c(22,9): warning C4996: 'fopen': This function or variable may be unsafe. Consider using fopen_s instead. To disable deprecation, use _CRT_SECURE_NO_WARNINGS. See online help for details.
D:\Study\C_Lang_Project\src\utilities.c(20,7): warning C4101: 'line' :참조되지 않은 지역 변수입니다.
D:\Study\C_Lang_Project\src\utilities.c(43,9): warning C4996: 'fopen': This function or variable may be unsafe. Consider using fopen_s instead. To disable deprecation, use _CRT_SECURE_NO_WARNINGS. See online help for details.
D:\Study\C_Lang_Project\src\utilities.c(51,2): warning C4996: 'sscanf': This function or variable may be unsafe. Consider using sscanf_s instead. To disable deprecation, use _CRT_SECURE_NO_WARNINGS. See online help for details.
  코드를 생성하고 있습니다...
  jbcr_app.vcxproj -> D:\Study\C_Lang_Project\src\x64\Debug\jbcr_app.exe
